[0m[[0m[0mdebug[0m] [0m[0m> Exec(run, Some(d364f309-9c7f-4268-a57e-8be78d12fd34), Some(CommandSource(console0)))[0m
[0m[[0m[0mdebug[0m] [0m[0mEvaluating tasks: Compile / run[0m
[0m[[0m[0mdebug[0m] [0m[0mRunning task... Cancel: Signal, check cycles: false, forcegc: true[0m
[0m[[0m[0minfo[0m] [0m[0mcompiling 1 Scala source to /home/jonesgc/repos/scsv/target/scala-2.13/classes ...[0m
[0m[[0m[33mwarn[0m] [0m[0m/home/jonesgc/repos/scsv/src/main/scala/main.scala:752:32: a pure expression does nothing in statement position[0m
[0m[[0m[33mwarn[0m] [0m[0m      case e: PSQLException => ""[0m
[0m[[0m[33mwarn[0m] [0m[0m                               ^[0m
[0m[[0m[33mwarn[0m] [0m[0m/home/jonesgc/repos/scsv/src/main/scala/main.scala:753:46: a pure expression does nothing in statement position[0m
[0m[[0m[33mwarn[0m] [0m[0m      case e: ExceptionInInitializerError => ""[0m
[0m[[0m[33mwarn[0m] [0m[0m                                             ^[0m
[0m[[0m[33mwarn[0m] [0m[0m/home/jonesgc/repos/scsv/src/main/scala/main.scala:754:39: a pure expression does nothing in statement position[0m
[0m[[0m[33mwarn[0m] [0m[0m      case e: NullPointerException => ""[0m
[0m[[0m[33mwarn[0m] [0m[0m                                      ^[0m
[0m[[0m[33mwarn[0m] [0m[0m11 deprecations (since 2.13.0)[0m
[0m[[0m[33mwarn[0m] [0m[0m3 deprecations (since 2.13.2)[0m
[0m[[0m[33mwarn[0m] [0m[0m14 deprecations in total; re-run with -deprecation for details[0m
[0m[[0m[33mwarn[0m] [0m[0m6 warnings found[0m
[0m[[0m[33mwarn[0m] [0m[0mCanceling execution...[0m
[0m[[0m[31merror[0m] [0m[0mCancelled: run[0m
[0m[[0m[31merror[0m] [0m[0mCancelled: run[0m
[0m[[0m[31merror[0m] [0m[0mUse 'last' for the full log.[0m
[0m[[0m[0mdebug[0m] [0m[0m> Exec(shell, None, None)[0m
[0m[[0m[0minfo[0m] [0m[0mshutting down sbt server[0m
